
**** Build of configuration Debug for project Lab3_JorgeAvila ****

/Applications/ti/ccs1010/ccs/utils/bin/gmake -k -j 15 all -O 
 
Building file: "../timing.c"
Invoking: ARM Compiler
"/Applications/ti/ccs1010/ccs/tools/compiler/ti-cgt-arm_20.2.1.LTS/bin/armcl" -mv7M4 --code_state=16 --float_support=FPv4SPD16 -me --include_path="/Users/jorgejuarez/Desktop/FALL2020/Embedded/Lab3_JorgeAvila" --include_path="/Applications/ti/ccs1010/ccs/tools/compiler/ti-cgt-arm_20.2.1.LTS/include" --define=ccs="ccs" --define=PART_TM4C123GH6PM -g --gcc --diag_warning=225 --diag_wrap=off --display_error_number --abi=eabi --preproc_with_compile --preproc_dependency="timing.d_raw"  "../timing.c"
4 Assembly Errors, No Assembly Warnings
 
>> Compilation failure
subdir_rules.mk:7: recipe for target 'timing.obj' failed
"../timing.c", line 61: warning #1119-D: this assembly directive potentially unsafe inside a function
"/var/tmp/TI0XMkUxFdB", ERROR!   at line 144: [E0001] Undefined symbol
	             CBZ R0, DONE
 
"/var/tmp/TI0XMkUxFdB", ERROR!   at line 144: [E0001] Address must be defined in the current section
	             CBZ R0, DONE
 
"/var/tmp/TI0XMkUxFdB", ERROR!   at line 148: [E0002] Illegal mnemonic specified
	                     DONE:
 
"/var/tmp/TI0XMkUxFdB", ERROR!   at EOF: [E0300] The following symbols are undefined:
  DONE
 
Errors in Source - Assembler Aborted
gmake: *** [timing.obj] Error 1
gmake: Target 'all' not remade because of errors.

**** Build Finished ****
